Arguments: 
  C:\Program Files\nodejs\node.exe C:\Users\veron\AppData\Local\node\corepack\yarn\1.22.19\bin\yarn.js install

PATH: 
  C:\Program Files (x86)\Intel\iCLS Client\;C:\Program Files\Intel\iCLS Client\;C:\Windows\system32;C:\Windows;C:\Windows\System32\Wbem;C:\Windows\System32\WindowsPowerShell\v1.0\;C:\Program Files (x86)\Intel\Intel(R) Management Engine Components\DAL;C:\Program Files\Intel\Intel(R) Management Engine Components\DAL;C:\Program Files (x86)\Intel\Intel(R) Management Engine Components\IPT;C:\Program Files\Intel\Intel(R) Management Engine Components\IPT;C:\Program Files (x86)\NVIDIA Corporation\PhysX\Common;C:\WINDOWS\system32;C:\WINDOWS;C:\WINDOWS\System32\Wbem;C:\WINDOWS\System32\WindowsPowerShell\v1.0\;C:\WINDOWS\System32\OpenSSH\;C:\Program Files (x86)\Windows Live\Shared;C:\Program Files\Git\cmd;C:\Program Files\nodejs\;C:\Users\veron\AppData\Local\Microsoft\WindowsApps;C:\Users\veron\AppData\Local\atom\bin;C:\Users\veron\AppData\Local\Microsoft\WindowsApps;C:\MAMP\bin\php\php7.4.1;C:\Users\veron\AppData\Local\ComposerSetup\bin;C:\Users\veron\AppData\Roaming\Composer\vendor\bin;C:\Users\veron\AppData\Local\Programs\Microsoft VS Code\bin;C:\Users\veron\AppData\Local\gitkraken\bin;C:\Users\veron\AppData\Roaming\npm

Yarn version: 
  1.22.19

Node version: 
  18.14.0

Platform: 
  win32 x64

Trace: 
  Error: https://registry.yarnpkg.com/@angular/common/-/common-13.2.6.tgz: ESOCKETTIMEDOUT
      at ClientRequest.<anonymous> (C:\Users\veron\AppData\Local\node\corepack\yarn\1.22.19\lib\cli.js:141517:19)
      at Object.onceWrapper (node:events:627:28)
      at ClientRequest.emit (node:events:513:28)
      at TLSSocket.emitRequestTimeout (node:_http_client:848:9)
      at Object.onceWrapper (node:events:627:28)
      at TLSSocket.emit (node:events:525:35)
      at Socket._onTimeout (node:net:570:8)
      at listOnTimeout (node:internal/timers:569:17)
      at process.processTimers (node:internal/timers:512:7)

npm manifest: 
  {
    "name": "gull",
    "version": "13.0.0",
    "license": "https://themeforest.net/licenses/terms/regular",
    "scripts": {
      "ng": "ng",
      "start": "ng serve -o",
      "build": "ng build --configuration production",
      "test": "ng test",
      "lint": "ng lint",
      "e2e": "ng e2e",
      "postinstall": "ngcc",
      "build:blue": "ng build --configuration production --base-href \"http://gull.ui-lib.com/blue/\"",
      "build:purple": "ng build --configuration production --base-href \"http://gull.ui-lib.com/purple/\""
    },
    "private": true,
    "dependencies": {
      "@angular/animations": "13.2.6",
      "@angular/common": "13.2.6",
      "@angular/compiler": "13.2.6",
      "@angular/core": "13.2.6",
      "@angular/forms": "13.2.6",
      "@angular/localize": "^13.2.6",
      "@angular/platform-browser": "13.2.6",
      "@angular/platform-browser-dynamic": "13.2.6",
      "@angular/router": "13.2.6",
      "@ng-bootstrap/ng-bootstrap": "^11.0.0",
      "@ng-select/ng-select": "^8.3.0",
      "@swimlane/ngx-datatable": "^19.0.0",
      "angular-calendar": "0.28.26",
      "angular-in-memory-web-api": "0.11.0",
      "angular2-text-mask": "9.0.0",
      "bootstrap": "^4.5.2",
      "core-js": "3.6.4",
      "date-fns": "2.10.0",
      "date-holidays": "^3.16.15",
      "echarts": "4.6.0",
      "feather-icons": "4.7.3",
      "highlight.js": "9.18.1",
      "ngx-chips": "2.1.0",
      "ngx-color-picker": "11.0.0",
      "ngx-custom-validators": "8.0.0",
      "ngx-echarts": "4.2.2",
      "ngx-img-cropper": "11.0.0",
      "ngx-pagination": "5.0.0",
      "ngx-perfect-scrollbar": "10.0.1",
      "ngx-quill": "14.1.2",
      "ngx-toastr": "14.0.0",
      "popper.js": "1.14.4",
      "quill": "^1.3.7",
      "rxjs": "~6.5.4",
      "tslib": "^2.0.0",
      "zone.js": "~0.11.4"
    },
    "devDependencies": {
      "@angular-devkit/build-angular": "~13.2.6",
      "@angular/cli": "~13.2.6",
      "@angular/compiler-cli": "13.2.6",
      "@angular/language-service": "13.2.6",
      "@types/jasmine": "~3.6.0",
      "@types/jasminewd2": "~2.0.3",
      "@types/node": "^12.11.1",
      "codelyzer": "^6.0.0",
      "jasmine-core": "~3.6.0",
      "jasmine-spec-reporter": "~5.0.0",
      "karma": "~6.3.4",
      "karma-chrome-launcher": "~3.1.0",
      "karma-coverage-istanbul-reporter": "~3.0.2",
      "karma-jasmine": "~4.0.0",
      "karma-jasmine-html-reporter": "^1.5.0",
      "node-sass": "^7.0.0",
      "protractor": "~7.0.0",
      "ts-node": "~7.0.0",
      "tslint": "~6.1.0",
      "typescript": "~4.5.4"
    }
  }

yarn manifest: 
  No manifest

Lockfile: 
  No lockfile
